# python3 prepare_expression_data.py > logs/prepare_expression_data.log
Found 26 embedding files
Processing NCBI569 (PAAD)
Aligned: 3493 spots | X=(3493, 2048) | y=(3493, 20615)
Processing NCBI570 (PAAD)
Aligned: 3213 spots | X=(3213, 2048) | y=(3213, 20615)
Processing NCBI571 (PAAD)
Aligned: 2495 spots | X=(2495, 2048) | y=(2495, 20615)
Processing NCBI572 (PAAD)
Aligned: 3789 spots | X=(3789, 2048) | y=(3789, 20615)
Processing NCBI687 (SKCM)
Aligned: 3070 spots | X=(3070, 2048) | y=(3070, 31053)
Processing NCBI688 (SKCM)
Aligned: 2615 spots | X=(2615, 2048) | y=(2615, 31053)
Processing NCBI689 (SKCM)
Aligned: 3084 spots | X=(3084, 2048) | y=(3084, 31053)
Processing TENX115 (SKCM)
Aligned: 1628 spots | X=(1628, 2048) | y=(1628, 541)
Processing TENX116 (PAAD)
Aligned: 2068 spots | X=(2068, 2048) | y=(2068, 538)
Processing TENX117 (SKCM)
Aligned: 1271 spots | X=(1271, 2048) | y=(1271, 541)
Processing TENX118 (LUAD)
Aligned: 1838 spots | X=(1838, 2048) | y=(1838, 541)
Processing TENX126 (PAAD)
Aligned: 1916 spots | X=(1916, 2048) | y=(1916, 541)
Processing TENX140 (PAAD)
Aligned: 3517 spots | X=(3517, 2048) | y=(3517, 541)
Processing TENX141 (LUAD)
Aligned: 3069 spots | X=(3069, 2048) | y=(3069, 541)
Processing TENX158 (SKCM)
Aligned: 1535 spots | X=(1535, 2048) | y=(1535, 10017)
Processing TENX163 (LUAD)
Aligned: 2431 spots | X=(2431, 2048) | y=(2431, 18085)
Processing TENX168 (LUAD)
Aligned: 1825 spots | X=(1825, 2048) | y=(1825, 18085)
Processing TENX169 (LUAD)
Aligned: 1805 spots | X=(1805, 2048) | y=(1805, 18085)
Processing TENX170 (LUAD)
Aligned: 1689 spots | X=(1689, 2048) | y=(1689, 18085)
Processing TENX171 (LUAD)
Aligned: 1675 spots | X=(1675, 2048) | y=(1675, 18085)
Processing TENX189 (LUAD)
Aligned: 5817 spots | X=(5817, 2048) | y=(5817, 10029)
Processing TENX190 (LUAD)
Aligned: 5768 spots | X=(5768, 2048) | y=(5768, 541)
Processing ZEN36 (READ)
Aligned: 1691 spots | X=(1691, 2048) | y=(1691, 36601)
Processing ZEN40 (READ)
Aligned: 2128 spots | X=(2128, 2048) | y=(2128, 36601)
Processing ZEN48 (READ)
Aligned: 2385 spots | X=(2385, 2048) | y=(2385, 36601)
Processing ZEN49 (READ)
Aligned: 2203 spots | X=(2203, 2048) | y=(2203, 36601)
